[76424:259:0316/150238.545405:WARNING:chrome_main_delegate.cc(742)] This is Chrome version 122.0.6261.112 (not a warning)
[76424:259:0316/150238.779631:INFO:policy_logger.cc(145)] :components/enterprise/browser/controller/chrome_browser_cloud_management_controller.cc(168) Starting CBCM Controller Initialization
[76424:259:0316/150238.779657:INFO:policy_logger.cc(145)] :components/enterprise/browser/controller/chrome_browser_cloud_management_controller.cc(196) No machine level policy manager exists.
[76430:259:0316/150240.731846:ERROR:gles2_command_buffer_stub.cc(300)] ContextResult::kFatalFailure: Failed to create context.
[76430:259:0316/150240.733437:ERROR:gles2_command_buffer_stub.cc(300)] ContextResult::kFatalFailure: Failed to create context.
[76424:259:0316/150240.825655:INFO:CONSOLE(0)] "Third-party cookie will be blocked. Learn more in the Issues tab.", source: https://www.linkedin.com/feed/ (0)
[76424:259:0316/150240.825691:INFO:CONSOLE(0)] "Third-party cookie will be blocked. Learn more in the Issues tab.", source: https://www.linkedin.com/feed/ (0)
[76424:259:0316/150240.825709:INFO:CONSOLE(0)] "Third-party cookie will be blocked. Learn more in the Issues tab.", source: https://www.linkedin.com/feed/ (0)
[76424:259:0316/150240.841086:INFO:CONSOLE(0)] "Third-party cookie will be blocked. Learn more in the Issues tab.", source: https://www.linkedin.com/feed/ (0)
[76424:259:0316/150240.841118:INFO:CONSOLE(0)] "Third-party cookie will be blocked. Learn more in the Issues tab.", source: https://www.linkedin.com/feed/ (0)
[76424:259:0316/150240.841136:INFO:CONSOLE(0)] "Third-party cookie will be blocked. Learn more in the Issues tab.", source: https://www.linkedin.com/feed/ (0)
[76424:259:0316/150240.955500:INFO:CONSOLE(0)] "Third-party cookie will be blocked. Learn more in the Issues tab.", source: https://www.linkedin.com/feed/ (0)
[76424:259:0316/150240.955533:INFO:CONSOLE(0)] "Third-party cookie will be blocked. Learn more in the Issues tab.", source: https://www.linkedin.com/feed/ (0)
[76424:259:0316/150240.988826:INFO:CONSOLE(0)] "Third-party cookie will be blocked. Learn more in the Issues tab.", source: https://www.linkedin.com/feed/ (0)
[76424:259:0316/150240.988909:INFO:CONSOLE(0)] "Third-party cookie will be blocked. Learn more in the Issues tab.", source: https://www.linkedin.com/feed/ (0)
[76424:259:0316/150240.992823:INFO:CONSOLE(0)] "Third-party cookie will be blocked. Learn more in the Issues tab.", source: https://www.linkedin.com/feed/ (0)
[76424:259:0316/150240.992847:INFO:CONSOLE(0)] "Third-party cookie will be blocked. Learn more in the Issues tab.", source: https://www.linkedin.com/feed/ (0)
[76434:78595:0316/150241.004537:INFO:peer_connection_dependency_factory.cc(704)] Running WebRTC with a combined Network and Worker thread.
[76430:259:0316/150241.033811:ERROR:gles2_command_buffer_stub.cc(300)] ContextResult::kFatalFailure: Failed to create context.
[76430:259:0316/150241.034309:ERROR:gles2_command_buffer_stub.cc(300)] ContextResult::kFatalFailure: Failed to create context.
[76424:259:0316/150241.080634:INFO:CONSOLE(0)] "Third-party cookie will be blocked. Learn more in the Issues tab.", source: https://www.linkedin.com/feed/ (0)
[76424:259:0316/150241.080799:INFO:CONSOLE(0)] "Third-party cookie will be blocked. Learn more in the Issues tab.", source: https://www.linkedin.com/feed/ (0)
[76424:259:0316/150241.080862:INFO:CONSOLE(0)] "Third-party cookie will be blocked. Learn more in the Issues tab.", source: https://www.linkedin.com/feed/ (0)
[76455:259:0316/150241.170160:ERROR:system_services.cc(31)] SetApplicationIsDaemon: Error Domain=NSOSStatusErrorDomain Code=-50 "paramErr: error in user parameter list" (-50)
[76430:259:0316/150241.324321:ERROR:gles2_command_buffer_stub.cc(300)] ContextResult::kFatalFailure: Failed to create context.
[76430:259:0316/150241.324637:ERROR:gles2_command_buffer_stub.cc(300)] ContextResult::kFatalFailure: Failed to create context.
[76424:259:0316/150241.366951:INFO:CONSOLE(0)] "Uncaught (in promise) Error: Ember Data Request POST /voyager/api/voyagerLegoDashWidgetImpressionEvents returned a 403
Payload (text/xml)
CSRF check failed.", source: https://www.linkedin.com/feed/ (0)
[76424:259:0316/150241.367006:INFO:CONSOLE(0)] "Uncaught (in promise) Error: Ember Data Request GET /voyager/api/graphql returned a 403
Payload (text/xml)
CSRF check failed.", source: https://www.linkedin.com/feed/ (0)
[76424:259:0316/150241.370216:INFO:CONSOLE(2)] "Error", source: https://client.protechts.net/PXdOjV695v/main.min.js (2)
[76424:259:0316/150241.404055:INFO:CONSOLE(1)] "Third-party cookie will be blocked. Learn more in the Issues tab.", source: https://www.linkedin.com/feed (1)
[76424:259:0316/150241.404088:INFO:CONSOLE(1)] "Third-party cookie will be blocked. Learn more in the Issues tab.", source: https://www.linkedin.com/feed (1)
[76424:259:0316/150241.404108:INFO:CONSOLE(1)] "Third-party cookie will be blocked. Learn more in the Issues tab.", source: https://www.linkedin.com/feed (1)
[76431:14083:0316/150241.414870:WARNING:spdy_session.cc(2978)] Received HEADERS for invalid stream 109
[76424:259:0316/150241.604067:INFO:CONSOLE(5316)] "Realtime: session heartbeat failed [object Object]", source: https://static.licdn.com/aero-v1/sc/h/e6j4tov5qh9g2ky5pwau58747 (5316)
[76424:259:0316/150242.241563:WARNING:capture_device_ranking.h(255)] Can't initialize the value of media.audio_input.user_preference_ranking because media.default_audio_capture_device isn't registered or is empty
[76424:259:0316/150242.241612:WARNING:capture_device_ranking.h(255)] Can't initialize the value of media.video_input.user_preference_ranking because media.default_video_capture_Device isn't registered or is empty
[76424:259:0316/150242.378133:INFO:CONSOLE(5316)] "Realtime: session heartbeat failed [object Object]", source: https://static.licdn.com/aero-v1/sc/h/e6j4tov5qh9g2ky5pwau58747 (5316)
[76424:259:0316/150242.426225:INFO:CONSOLE(75551)] "Uncaught (in promise) Error: Ember Data Request GET /voyager/api/dash/mySettings?decorationId=com.linkedin.voyager.dash.deco.common.MySettingsWeb-4 returned a 403
Payload (text/xml)
CSRF check failed.", source: https://static.licdn.com/aero-v1/sc/h/2wfhjenix9yqwnybiyl37wvte (75551)
[76424:259:0316/150242.431350:INFO:CONSOLE(0)] "Uncaught (in promise) #<Object>", source: https://www.linkedin.com/feed/ (0)
[76424:259:0316/150242.438356:INFO:CONSOLE(0)] "Uncaught (in promise) Error: Ember Data Request GET /voyager/api/voyagerGlobalAlerts returned a 403
Payload (text/xml)
CSRF check failed.", source: https://www.linkedin.com/feed/ (0)
[76424:259:0316/150242.447068:INFO:CONSOLE(1216)] "Failed to fetch paging update collection [object Object]", source: https://static.licdn.com/aero-v1/sc/h/191e84rhw78gmp3f8dvv21unl (1216)
[76430:259:0316/150242.456816:ERROR:gles2_command_buffer_stub.cc(300)] ContextResult::kFatalFailure: Failed to create context.
[76430:259:0316/150242.457042:ERROR:gles2_command_buffer_stub.cc(300)] ContextResult::kFatalFailure: Failed to create context.
[76424:259:0316/150242.463561:INFO:CONSOLE(2)] "Error", source: https://client.protechts.net/PXdOjV695v/main.min.js (2)
[76424:259:0316/150242.465667:INFO:CONSOLE(0)] "Uncaught (in promise) Error: Ember Data Request GET /voyager/api/graphql returned a 403
Payload (text/xml)
CSRF check failed.", source: https://www.linkedin.com/feed/ (0)
[76424:259:0316/150242.465722:INFO:CONSOLE(0)] "Uncaught (in promise) Error: Ember Data Request GET /voyager/api/jobs/jobSeekerPreferences?decorationId=com.linkedin.voyager.deco.jobs.web.WebCareerInterests-24 returned a 403
Payload (text/xml)
CSRF check failed.", source: https://www.linkedin.com/feed/ (0)
[76424:259:0316/150242.465764:INFO:CONSOLE(0)] "Uncaught (in promise) Error: Ember Data Request GET /voyager/api/voyagerIdentityDashNotificationCards?decorationId=com.linkedin.voyager.dash.deco.identity.notifications.CardsCollectionWithInjectionsNoPills-22 returned a 403
Payload (text/xml)
CSRF check failed.", source: https://www.linkedin.com/feed/ (0)
[76424:259:0316/150242.465820:INFO:CONSOLE(0)] "Uncaught (in promise) Error: Ember Data Request GET /voyager/api/graphql returned a 403
Payload (text/xml)
CSRF check failed.", source: https://www.linkedin.com/feed/ (0)
[76424:259:0316/150242.465851:INFO:CONSOLE(0)] "Uncaught (in promise) Error: Ember Data Request GET /voyager/api/graphql returned a 403
Payload (text/xml)
CSRF check failed.", source: https://www.linkedin.com/feed/ (0)
[76424:259:0316/150242.465867:INFO:CONSOLE(0)] "Uncaught (in promise) Error: Ember Data Request GET /voyager/api/graphql returned a 403
Payload (text/xml)
CSRF check failed.", source: https://www.linkedin.com/feed/ (0)
[76424:259:0316/150242.465909:INFO:CONSOLE(0)] "Uncaught (in promise) Error: Ember Data Request GET /voyager/api/graphql returned a 403
Payload (text/xml)
CSRF check failed.", source: https://www.linkedin.com/feed/ (0)
[76424:259:0316/150242.465925:INFO:CONSOLE(0)] "Uncaught (in promise) Error: Ember Data Request GET /voyager/api/graphql returned a 403
Payload (text/xml)
CSRF check failed.", source: https://www.linkedin.com/feed/ (0)
[76424:259:0316/150242.468653:INFO:CONSOLE(0)] "Uncaught (in promise) Error: Ember Data Request GET /voyager/api/identity/dash/profiles?decorationId=com.linkedin.voyager.dash.deco.identity.profile.WebTopCardCore-22 returned a 403
Payload (text/xml)
CSRF check failed.", source: https://www.linkedin.com/feed/ (0)
[76424:259:0316/150242.472109:INFO:CONSOLE(0)] "Uncaught (in promise) Error: Ember Data Request GET /voyager/api/graphql returned a 403
Payload (text/xml)
CSRF check failed.", source: https://www.linkedin.com/feed/ (0)
[76434:78595:0316/150242.480081:INFO:peer_connection_dependency_factory.cc(704)] Running WebRTC with a combined Network and Worker thread.
[76424:259:0316/150242.481558:WARNING:capture_device_ranking.h(255)] Can't initialize the value of media.audio_input.user_preference_ranking because media.default_audio_capture_device isn't registered or is empty
[76424:259:0316/150242.481578:WARNING:capture_device_ranking.h(255)] Can't initialize the value of media.video_input.user_preference_ranking because media.default_video_capture_Device isn't registered or is empty
[76424:259:0316/150242.493361:INFO:CONSOLE(0)] "Uncaught (in promise) Error: Ember Data Request GET /voyager/api/voyagerMessagingDashConversationNudges returned a 403
Payload (text/xml)
CSRF check failed.", source: https://www.linkedin.com/feed/ (0)
[76430:259:0316/150242.501244:ERROR:gles2_command_buffer_stub.cc(300)] ContextResult::kFatalFailure: Failed to create context.
[76430:259:0316/150242.501495:ERROR:gles2_command_buffer_stub.cc(300)] ContextResult::kFatalFailure: Failed to create context.
[76424:259:0316/150242.584555:INFO:CONSOLE(1)] "Third-party cookie will be blocked. Learn more in the Issues tab.", source: https://www.linkedin.com/jobs/search/?f_AL=true&keywords=ServiceNow%20Developer&f_JT=F&f_WT=2&location=United%20Statesf_SB2=2&sortBy=DD (1)
[76424:259:0316/150242.584580:INFO:CONSOLE(1)] "Third-party cookie will be blocked. Learn more in the Issues tab.", source: https://www.linkedin.com/jobs/search/?f_AL=true&keywords=ServiceNow%20Developer&f_JT=F&f_WT=2&location=United%20Statesf_SB2=2&sortBy=DD (1)
[76424:259:0316/150242.584597:INFO:CONSOLE(1)] "Third-party cookie will be blocked. Learn more in the Issues tab.", source: https://www.linkedin.com/jobs/search/?f_AL=true&keywords=ServiceNow%20Developer&f_JT=F&f_WT=2&location=United%20Statesf_SB2=2&sortBy=DD (1)
[76434:78083:0316/150242.962520:WARNING:webrtc_voice_engine.cc(681)] Attempting to stop aecdump when no audio processing module is present
[76434:78595:0316/150243.739779:INFO:peer_connection_dependency_factory.cc(704)] Running WebRTC with a combined Network and Worker thread.
[76424:259:0316/150243.741082:WARNING:capture_device_ranking.h(255)] Can't initialize the value of media.audio_input.user_preference_ranking because media.default_audio_capture_device isn't registered or is empty
[76424:259:0316/150243.741103:WARNING:capture_device_ranking.h(255)] Can't initialize the value of media.video_input.user_preference_ranking because media.default_video_capture_Device isn't registered or is empty
[76430:259:0316/150243.767455:ERROR:gles2_command_buffer_stub.cc(300)] ContextResult::kFatalFailure: Failed to create context.
[76430:259:0316/150243.767712:ERROR:gles2_command_buffer_stub.cc(300)] ContextResult::kFatalFailure: Failed to create context.
[76424:259:0316/150243.781879:INFO:CONSOLE(2)] "Error", source: https://client.protechts.net/PXdOjV695v/main.min.js (2)
[76424:259:0316/150243.886361:INFO:CONSOLE(0)] "Third-party cookie will be blocked. Learn more in the Issues tab.", source: https://www.linkedin.com/jobs/search/ (0)
[76424:259:0316/150243.886392:INFO:CONSOLE(0)] "Third-party cookie will be blocked. Learn more in the Issues tab.", source: https://www.linkedin.com/jobs/search/ (0)
[76424:259:0316/150243.886467:INFO:CONSOLE(0)] "Third-party cookie will be blocked. Learn more in the Issues tab.", source: https://www.linkedin.com/jobs/search/ (0)
[76424:259:0316/150243.887085:INFO:CONSOLE(0)] "Third-party cookie will be blocked. Learn more in the Issues tab.", source: https://www.linkedin.com/jobs/search/ (0)
[76424:259:0316/150243.887104:INFO:CONSOLE(0)] "Third-party cookie will be blocked. Learn more in the Issues tab.", source: https://www.linkedin.com/jobs/search/ (0)
[76424:259:0316/150243.887119:INFO:CONSOLE(0)] "Third-party cookie will be blocked. Learn more in the Issues tab.", source: https://www.linkedin.com/jobs/search/ (0)
[76424:259:0316/150243.958887:INFO:CONSOLE(0)] "Third-party cookie will be blocked. Learn more in the Issues tab.", source: https://www.linkedin.com/jobs/search/ (0)
[76424:259:0316/150243.958927:INFO:CONSOLE(0)] "Third-party cookie will be blocked. Learn more in the Issues tab.", source: https://www.linkedin.com/jobs/search/ (0)
[76424:259:0316/150243.983298:INFO:CONSOLE(0)] "Third-party cookie will be blocked. Learn more in the Issues tab.", source: https://www.linkedin.com/jobs/search/ (0)
[76424:259:0316/150243.983339:INFO:CONSOLE(0)] "Third-party cookie will be blocked. Learn more in the Issues tab.", source: https://www.linkedin.com/jobs/search/ (0)
[76424:259:0316/150244.005898:INFO:CONSOLE(0)] "Third-party cookie will be blocked. Learn more in the Issues tab.", source: https://www.linkedin.com/jobs/search/ (0)
[76424:259:0316/150244.005928:INFO:CONSOLE(0)] "Third-party cookie will be blocked. Learn more in the Issues tab.", source: https://www.linkedin.com/jobs/search/ (0)
[76424:259:0316/150244.037794:INFO:CONSOLE(0)] "Third-party cookie will be blocked. Learn more in the Issues tab.", source: https://www.linkedin.com/jobs/search/ (0)
[76424:259:0316/150244.037829:INFO:CONSOLE(0)] "Third-party cookie will be blocked. Learn more in the Issues tab.", source: https://www.linkedin.com/jobs/search/ (0)
[76424:259:0316/150244.044015:INFO:CONSOLE(0)] "Third-party cookie will be blocked. Learn more in the Issues tab.", source: https://www.linkedin.com/jobs/search/ (0)
[76424:259:0316/150244.044038:INFO:CONSOLE(0)] "Third-party cookie will be blocked. Learn more in the Issues tab.", source: https://www.linkedin.com/jobs/search/ (0)
[76434:78083:0316/150246.662909:WARNING:webrtc_voice_engine.cc(681)] Attempting to stop aecdump when no audio processing module is present
[76434:78595:0316/150247.773978:INFO:peer_connection_dependency_factory.cc(704)] Running WebRTC with a combined Network and Worker thread.
[76424:259:0316/150247.775220:WARNING:capture_device_ranking.h(255)] Can't initialize the value of media.audio_input.user_preference_ranking because media.default_audio_capture_device isn't registered or is empty
[76424:259:0316/150247.775241:WARNING:capture_device_ranking.h(255)] Can't initialize the value of media.video_input.user_preference_ranking because media.default_video_capture_Device isn't registered or is empty
[76430:259:0316/150247.800670:ERROR:gles2_command_buffer_stub.cc(300)] ContextResult::kFatalFailure: Failed to create context.
[76430:259:0316/150247.800944:ERROR:gles2_command_buffer_stub.cc(300)] ContextResult::kFatalFailure: Failed to create context.
[76424:259:0316/150247.830663:INFO:CONSOLE(2)] "Error", source: https://client.protechts.net/PXdOjV695v/main.min.js (2)
[76424:259:0316/150247.929038:INFO:CONSOLE(0)] "Third-party cookie will be blocked. Learn more in the Issues tab.", source: https://www.linkedin.com/jobs/search/ (0)
[76424:259:0316/150247.929077:INFO:CONSOLE(0)] "Third-party cookie will be blocked. Learn more in the Issues tab.", source: https://www.linkedin.com/jobs/search/ (0)
[76424:259:0316/150247.929121:INFO:CONSOLE(0)] "Third-party cookie will be blocked. Learn more in the Issues tab.", source: https://www.linkedin.com/jobs/search/ (0)
[76424:259:0316/150248.103225:INFO:CONSOLE(0)] "Third-party cookie will be blocked. Learn more in the Issues tab.", source: https://www.linkedin.com/jobs/search/ (0)
[76424:259:0316/150248.103270:INFO:CONSOLE(0)] "Third-party cookie will be blocked. Learn more in the Issues tab.", source: https://www.linkedin.com/jobs/search/ (0)
[76424:259:0316/150248.103290:INFO:CONSOLE(0)] "Third-party cookie will be blocked. Learn more in the Issues tab.", source: https://www.linkedin.com/jobs/search/ (0)
[76424:259:0316/150248.110744:INFO:CONSOLE(0)] "Third-party cookie will be blocked. Learn more in the Issues tab.", source: https://www.linkedin.com/jobs/search/ (0)
[76424:259:0316/150248.110768:INFO:CONSOLE(0)] "Third-party cookie will be blocked. Learn more in the Issues tab.", source: https://www.linkedin.com/jobs/search/ (0)
[76424:259:0316/150248.216400:INFO:CONSOLE(0)] "Third-party cookie will be blocked. Learn more in the Issues tab.", source: https://www.linkedin.com/jobs/search/ (0)
[76424:259:0316/150248.216517:INFO:CONSOLE(0)] "Third-party cookie will be blocked. Learn more in the Issues tab.", source: https://www.linkedin.com/jobs/search/ (0)
[76424:259:0316/150248.216535:INFO:CONSOLE(0)] "Third-party cookie will be blocked. Learn more in the Issues tab.", source: https://www.linkedin.com/jobs/search/ (0)
[76424:259:0316/150248.216555:INFO:CONSOLE(0)] "Third-party cookie will be blocked. Learn more in the Issues tab.", source: https://www.linkedin.com/jobs/search/ (0)
[76424:259:0316/150248.252922:INFO:CONSOLE(0)] "Third-party cookie will be blocked. Learn more in the Issues tab.", source: https://www.linkedin.com/jobs/search/ (0)
[76424:259:0316/150248.252946:INFO:CONSOLE(0)] "Third-party cookie will be blocked. Learn more in the Issues tab.", source: https://www.linkedin.com/jobs/search/ (0)
[76424:259:0316/150248.258904:INFO:CONSOLE(0)] "Third-party cookie will be blocked. Learn more in the Issues tab.", source: https://www.linkedin.com/jobs/search/ (0)
[76424:259:0316/150248.258931:INFO:CONSOLE(0)] "Third-party cookie will be blocked. Learn more in the Issues tab.", source: https://www.linkedin.com/jobs/search/ (0)
[76434:78083:0316/150255.161498:WARNING:webrtc_voice_engine.cc(681)] Attempting to stop aecdump when no audio processing module is present
[76434:78595:0316/150255.213533:INFO:peer_connection_dependency_factory.cc(704)] Running WebRTC with a combined Network and Worker thread.
[76424:259:0316/150255.214679:WARNING:capture_device_ranking.h(255)] Can't initialize the value of media.audio_input.user_preference_ranking because media.default_audio_capture_device isn't registered or is empty
[76424:259:0316/150255.214699:WARNING:capture_device_ranking.h(255)] Can't initialize the value of media.video_input.user_preference_ranking because media.default_video_capture_Device isn't registered or is empty
[76424:259:0316/150255.223049:INFO:CONSOLE(2)] "Error", source: https://client.protechts.net/PXdOjV695v/main.min.js (2)
[76430:259:0316/150255.235338:ERROR:gles2_command_buffer_stub.cc(300)] ContextResult::kFatalFailure: Failed to create context.
[76430:259:0316/150255.235724:ERROR:gles2_command_buffer_stub.cc(300)] ContextResult::kFatalFailure: Failed to create context.
[76424:259:0316/150255.323997:INFO:CONSOLE(0)] "Third-party cookie will be blocked. Learn more in the Issues tab.", source: https://www.linkedin.com/jobs/view/3804049662/ (0)
[76424:259:0316/150255.324038:INFO:CONSOLE(0)] "Third-party cookie will be blocked. Learn more in the Issues tab.", source: https://www.linkedin.com/jobs/view/3804049662/ (0)
[76424:259:0316/150255.324058:INFO:CONSOLE(0)] "Third-party cookie will be blocked. Learn more in the Issues tab.", source: https://www.linkedin.com/jobs/view/3804049662/ (0)
[76430:259:0316/150255.669294:ERROR:gles2_command_buffer_stub.cc(300)] ContextResult::kFatalFailure: Failed to create context.
[76424:259:0316/150255.689107:INFO:CONSOLE(1)] "console.groupEnd", source: https://s.xlgmedia.com/2/2.120.0/main.js (1)
[76424:259:0316/150255.689149:INFO:CONSOLE(1)] "console.groupEnd", source: https://s.xlgmedia.com/2/2.120.0/main.js (1)
[76424:259:0316/150255.689166:INFO:CONSOLE(1)] "console.groupEnd", source: https://s.xlgmedia.com/2/2.120.0/main.js (1)
[76424:259:0316/150255.689180:INFO:CONSOLE(1)] "console.groupEnd", source: https://s.xlgmedia.com/2/2.120.0/main.js (1)
[76424:259:0316/150255.689194:INFO:CONSOLE(1)] "console.groupEnd", source: https://s.xlgmedia.com/2/2.120.0/main.js (1)
[76424:259:0316/150255.689219:INFO:CONSOLE(1)] "console.groupEnd", source: https://s.xlgmedia.com/2/2.120.0/main.js (1)
[76424:259:0316/150255.689232:INFO:CONSOLE(1)] "console.groupEnd", source: https://s.xlgmedia.com/2/2.120.0/main.js (1)
[76424:259:0316/150255.689244:INFO:CONSOLE(1)] "console.groupEnd", source: https://s.xlgmedia.com/2/2.120.0/main.js (1)
[76424:259:0316/150255.689262:INFO:CONSOLE(1)] "console.groupEnd", source: https://s.xlgmedia.com/2/2.120.0/main.js (1)
[76424:259:0316/150255.689274:INFO:CONSOLE(1)] "console.groupEnd", source: https://s.xlgmedia.com/2/2.120.0/main.js (1)
[76424:259:0316/150255.689291:INFO:CONSOLE(1)] "console.groupEnd", source: https://s.xlgmedia.com/2/2.120.0/main.js (1)
[76424:259:0316/150255.689306:INFO:CONSOLE(1)] "console.groupEnd", source: https://s.xlgmedia.com/2/2.120.0/main.js (1)
[76424:259:0316/150255.689322:INFO:CONSOLE(1)] "console.groupEnd", source: https://s.xlgmedia.com/2/2.120.0/main.js (1)
[76424:259:0316/150255.689334:INFO:CONSOLE(1)] "console.groupEnd", source: https://s.xlgmedia.com/2/2.120.0/main.js (1)
[76424:259:0316/150255.689347:INFO:CONSOLE(1)] "console.groupEnd", source: https://s.xlgmedia.com/2/2.120.0/main.js (1)
[76424:259:0316/150255.689360:INFO:CONSOLE(1)] "console.groupEnd", source: https://s.xlgmedia.com/2/2.120.0/main.js (1)
[76424:259:0316/150255.689373:INFO:CONSOLE(1)] "console.groupEnd", source: https://s.xlgmedia.com/2/2.120.0/main.js (1)
[76424:259:0316/150255.689409:INFO:CONSOLE(1)] "console.groupEnd", source: https://s.xlgmedia.com/2/2.120.0/main.js (1)
[76424:259:0316/150255.689434:INFO:CONSOLE(1)] "console.groupEnd", source: https://s.xlgmedia.com/2/2.120.0/main.js (1)
[76424:259:0316/150255.689450:INFO:CONSOLE(1)] "console.groupEnd", source: https://s.xlgmedia.com/2/2.120.0/main.js (1)
[76424:259:0316/150255.689464:INFO:CONSOLE(1)] "console.groupEnd", source: https://s.xlgmedia.com/2/2.120.0/main.js (1)
[76424:259:0316/150255.689479:INFO:CONSOLE(1)] "console.groupEnd", source: https://s.xlgmedia.com/2/2.120.0/main.js (1)
[76424:259:0316/150255.689492:INFO:CONSOLE(1)] "console.groupEnd", source: https://s.xlgmedia.com/2/2.120.0/main.js (1)
[76424:259:0316/150255.689507:INFO:CONSOLE(1)] "console.groupEnd", source: https://s.xlgmedia.com/2/2.120.0/main.js (1)
[76424:259:0316/150255.689523:INFO:CONSOLE(1)] "console.groupEnd", source: https://s.xlgmedia.com/2/2.120.0/main.js (1)
[76424:259:0316/150255.689538:INFO:CONSOLE(1)] "console.groupEnd", source: https://s.xlgmedia.com/2/2.120.0/main.js (1)
[76424:259:0316/150255.689554:INFO:CONSOLE(1)] "console.groupEnd", source: https://s.xlgmedia.com/2/2.120.0/main.js (1)
[76424:259:0316/150255.689567:INFO:CONSOLE(1)] "console.groupEnd", source: https://s.xlgmedia.com/2/2.120.0/main.js (1)
[76424:259:0316/150255.689580:INFO:CONSOLE(1)] "console.groupEnd", source: https://s.xlgmedia.com/2/2.120.0/main.js (1)
[76424:259:0316/150255.689594:INFO:CONSOLE(1)] "console.groupEnd", source: https://s.xlgmedia.com/2/2.120.0/main.js (1)
[76424:259:0316/150255.689607:INFO:CONSOLE(1)] "console.groupEnd", source: https://s.xlgmedia.com/2/2.120.0/main.js (1)
[76424:259:0316/150255.689619:INFO:CONSOLE(1)] "console.groupEnd", source: https://s.xlgmedia.com/2/2.120.0/main.js (1)
[76424:259:0316/150255.689640:INFO:CONSOLE(1)] "console.groupEnd", source: https://s.xlgmedia.com/2/2.120.0/main.js (1)
[76424:259:0316/150255.689666:INFO:CONSOLE(1)] "console.groupEnd", source: https://s.xlgmedia.com/2/2.120.0/main.js (1)
[76424:259:0316/150255.689678:INFO:CONSOLE(1)] "console.groupEnd", source: https://s.xlgmedia.com/2/2.120.0/main.js (1)
[76424:259:0316/150255.689692:INFO:CONSOLE(1)] "console.groupEnd", source: https://s.xlgmedia.com/2/2.120.0/main.js (1)
[76424:259:0316/150255.689705:INFO:CONSOLE(1)] "console.groupEnd", source: https://s.xlgmedia.com/2/2.120.0/main.js (1)
[76424:259:0316/150255.689717:INFO:CONSOLE(1)] "console.groupEnd", source: https://s.xlgmedia.com/2/2.120.0/main.js (1)
[76424:259:0316/150255.689729:INFO:CONSOLE(1)] "console.groupEnd", source: https://s.xlgmedia.com/2/2.120.0/main.js (1)
[76424:259:0316/150255.689746:INFO:CONSOLE(1)] "console.groupEnd", source: https://s.xlgmedia.com/2/2.120.0/main.js (1)
[76424:259:0316/150255.689757:INFO:CONSOLE(1)] "console.groupEnd", source: https://s.xlgmedia.com/2/2.120.0/main.js (1)
[76424:259:0316/150255.689770:INFO:CONSOLE(1)] "console.groupEnd", source: https://s.xlgmedia.com/2/2.120.0/main.js (1)
[76424:259:0316/150255.689781:INFO:CONSOLE(1)] "console.groupEnd", source: https://s.xlgmedia.com/2/2.120.0/main.js (1)
[76424:259:0316/150255.689793:INFO:CONSOLE(1)] "console.groupEnd", source: https://s.xlgmedia.com/2/2.120.0/main.js (1)
[76424:259:0316/150255.689805:INFO:CONSOLE(1)] "console.groupEnd", source: https://s.xlgmedia.com/2/2.120.0/main.js (1)
[76424:259:0316/150255.689818:INFO:CONSOLE(1)] "console.groupEnd", source: https://s.xlgmedia.com/2/2.120.0/main.js (1)
[76424:259:0316/150255.689831:INFO:CONSOLE(1)] "console.groupEnd", source: https://s.xlgmedia.com/2/2.120.0/main.js (1)
[76424:259:0316/150255.689845:INFO:CONSOLE(1)] "console.groupEnd", source: https://s.xlgmedia.com/2/2.120.0/main.js (1)
[76424:259:0316/150255.689861:INFO:CONSOLE(1)] "console.groupEnd", source: https://s.xlgmedia.com/2/2.120.0/main.js (1)
[76424:259:0316/150255.689873:INFO:CONSOLE(1)] "console.groupEnd", source: https://s.xlgmedia.com/2/2.120.0/main.js (1)
[76424:259:0316/150255.689885:INFO:CONSOLE(1)] "console.groupEnd", source: https://s.xlgmedia.com/2/2.120.0/main.js (1)
[76424:259:0316/150255.689898:INFO:CONSOLE(1)] "console.groupEnd", source: https://s.xlgmedia.com/2/2.120.0/main.js (1)
[76424:259:0316/150255.689909:INFO:CONSOLE(1)] "console.groupEnd", source: https://s.xlgmedia.com/2/2.120.0/main.js (1)
[76424:259:0316/150255.689922:INFO:CONSOLE(1)] "console.groupEnd", source: https://s.xlgmedia.com/2/2.120.0/main.js (1)
[76424:259:0316/150255.689934:INFO:CONSOLE(1)] "console.groupEnd", source: https://s.xlgmedia.com/2/2.120.0/main.js (1)
[76424:259:0316/150255.689950:INFO:CONSOLE(1)] "console.groupEnd", source: https://s.xlgmedia.com/2/2.120.0/main.js (1)
[76424:259:0316/150255.689964:INFO:CONSOLE(1)] "console.groupEnd", source: https://s.xlgmedia.com/2/2.120.0/main.js (1)
[76424:259:0316/150255.689978:INFO:CONSOLE(1)] "console.groupEnd", source: https://s.xlgmedia.com/2/2.120.0/main.js (1)
[76424:259:0316/150255.689991:INFO:CONSOLE(1)] "console.groupEnd", source: https://s.xlgmedia.com/2/2.120.0/main.js (1)
[76424:259:0316/150255.690006:INFO:CONSOLE(1)] "console.groupEnd", source: https://s.xlgmedia.com/2/2.120.0/main.js (1)
[76424:259:0316/150255.690026:INFO:CONSOLE(1)] "console.groupEnd", source: https://s.xlgmedia.com/2/2.120.0/main.js (1)
[76424:259:0316/150255.690040:INFO:CONSOLE(1)] "console.groupEnd", source: https://s.xlgmedia.com/2/2.120.0/main.js (1)
[76424:259:0316/150255.690054:INFO:CONSOLE(1)] "console.groupEnd", source: https://s.xlgmedia.com/2/2.120.0/main.js (1)
[76424:259:0316/150255.690067:INFO:CONSOLE(1)] "console.groupEnd", source: https://s.xlgmedia.com/2/2.120.0/main.js (1)
[76424:259:0316/150255.690081:INFO:CONSOLE(1)] "console.groupEnd", source: https://s.xlgmedia.com/2/2.120.0/main.js (1)
[76424:259:0316/150255.690093:INFO:CONSOLE(1)] "console.groupEnd", source: https://s.xlgmedia.com/2/2.120.0/main.js (1)
[76424:259:0316/150255.690108:INFO:CONSOLE(1)] "console.groupEnd", source: https://s.xlgmedia.com/2/2.120.0/main.js (1)
[76424:259:0316/150255.690127:INFO:CONSOLE(1)] "console.groupEnd", source: https://s.xlgmedia.com/2/2.120.0/main.js (1)
[76424:259:0316/150255.690139:INFO:CONSOLE(1)] "console.groupEnd", source: https://s.xlgmedia.com/2/2.120.0/main.js (1)
[76424:259:0316/150255.690153:INFO:CONSOLE(1)] "console.groupEnd", source: https://s.xlgmedia.com/2/2.120.0/main.js (1)
[76424:259:0316/150255.690168:INFO:CONSOLE(1)] "console.groupEnd", source: https://s.xlgmedia.com/2/2.120.0/main.js (1)
[76424:259:0316/150255.690180:INFO:CONSOLE(1)] "console.groupEnd", source: https://s.xlgmedia.com/2/2.120.0/main.js (1)
[76424:259:0316/150255.690194:INFO:CONSOLE(1)] "console.groupEnd", source: https://s.xlgmedia.com/2/2.120.0/main.js (1)
[76424:259:0316/150255.690208:INFO:CONSOLE(1)] "console.groupEnd", source: https://s.xlgmedia.com/2/2.120.0/main.js (1)
[76424:259:0316/150255.690221:INFO:CONSOLE(1)] "console.groupEnd", source: https://s.xlgmedia.com/2/2.120.0/main.js (1)
[76424:259:0316/150255.690234:INFO:CONSOLE(1)] "console.groupEnd", source: https://s.xlgmedia.com/2/2.120.0/main.js (1)
[76424:259:0316/150255.690246:INFO:CONSOLE(1)] "console.groupEnd", source: https://s.xlgmedia.com/2/2.120.0/main.js (1)
[76424:259:0316/150255.690259:INFO:CONSOLE(1)] "console.groupEnd", source: https://s.xlgmedia.com/2/2.120.0/main.js (1)
[76424:259:0316/150255.690273:INFO:CONSOLE(1)] "console.groupEnd", source: https://s.xlgmedia.com/2/2.120.0/main.js (1)
[76424:259:0316/150255.690286:INFO:CONSOLE(1)] "console.groupEnd", source: https://s.xlgmedia.com/2/2.120.0/main.js (1)
[76424:259:0316/150255.690298:INFO:CONSOLE(1)] "console.groupEnd", source: https://s.xlgmedia.com/2/2.120.0/main.js (1)
[76424:259:0316/150255.690311:INFO:CONSOLE(1)] "console.groupEnd", source: https://s.xlgmedia.com/2/2.120.0/main.js (1)
[76424:259:0316/150255.690324:INFO:CONSOLE(1)] "console.groupEnd", source: https://s.xlgmedia.com/2/2.120.0/main.js (1)
[76424:259:0316/150255.690337:INFO:CONSOLE(1)] "console.groupEnd", source: https://s.xlgmedia.com/2/2.120.0/main.js (1)
[76424:259:0316/150255.690351:INFO:CONSOLE(1)] "console.groupEnd", source: https://s.xlgmedia.com/2/2.120.0/main.js (1)
[76424:259:0316/150255.690364:INFO:CONSOLE(1)] "console.groupEnd", source: https://s.xlgmedia.com/2/2.120.0/main.js (1)
[76424:259:0316/150255.690378:INFO:CONSOLE(1)] "console.groupEnd", source: https://s.xlgmedia.com/2/2.120.0/main.js (1)
[76424:259:0316/150255.690390:INFO:CONSOLE(1)] "console.groupEnd", source: https://s.xlgmedia.com/2/2.120.0/main.js (1)
[76424:259:0316/150255.690403:INFO:CONSOLE(1)] "console.groupEnd", source: https://s.xlgmedia.com/2/2.120.0/main.js (1)
[76424:259:0316/150255.690416:INFO:CONSOLE(1)] "console.groupEnd", source: https://s.xlgmedia.com/2/2.120.0/main.js (1)
[76424:259:0316/150255.690431:INFO:CONSOLE(1)] "console.groupEnd", source: https://s.xlgmedia.com/2/2.120.0/main.js (1)
[76424:259:0316/150255.690446:INFO:CONSOLE(1)] "console.groupEnd", source: https://s.xlgmedia.com/2/2.120.0/main.js (1)
[76424:259:0316/150255.690461:INFO:CONSOLE(1)] "console.groupEnd", source: https://s.xlgmedia.com/2/2.120.0/main.js (1)
[76424:259:0316/150255.690474:INFO:CONSOLE(1)] "console.groupEnd", source: https://s.xlgmedia.com/2/2.120.0/main.js (1)
[76424:259:0316/150255.690487:INFO:CONSOLE(1)] "console.groupEnd", source: https://s.xlgmedia.com/2/2.120.0/main.js (1)
[76424:259:0316/150255.690499:INFO:CONSOLE(1)] "console.groupEnd", source: https://s.xlgmedia.com/2/2.120.0/main.js (1)
[76424:259:0316/150255.690512:INFO:CONSOLE(1)] "console.groupEnd", source: https://s.xlgmedia.com/2/2.120.0/main.js (1)
[76424:259:0316/150255.690524:INFO:CONSOLE(1)] "console.groupEnd", source: https://s.xlgmedia.com/2/2.120.0/main.js (1)
[76424:259:0316/150255.690537:INFO:CONSOLE(1)] "console.groupEnd", source: https://s.xlgmedia.com/2/2.120.0/main.js (1)
[76424:259:0316/150255.690549:INFO:CONSOLE(1)] "console.groupEnd", source: https://s.xlgmedia.com/2/2.120.0/main.js (1)
[76424:259:0316/150255.690562:INFO:CONSOLE(1)] "console.groupEnd", source: https://s.xlgmedia.com/2/2.120.0/main.js (1)
[76424:259:0316/150255.690581:INFO:CONSOLE(1)] "console.groupEnd", source: https://s.xlgmedia.com/2/2.120.0/main.js (1)
[76424:259:0316/150255.690595:INFO:CONSOLE(1)] "console.groupEnd", source: https://s.xlgmedia.com/2/2.120.0/main.js (1)
[76424:259:0316/150255.691033:INFO:CONSOLE(1)] "console.groupEnd", source: https://s.xlgmedia.com/2/2.120.0/main.js (1)
[76424:259:0316/150255.691060:INFO:CONSOLE(1)] "console.groupEnd", source: https://s.xlgmedia.com/2/2.120.0/main.js (1)
[76424:259:0316/150255.691076:INFO:CONSOLE(1)] "console.groupEnd", source: https://s.xlgmedia.com/2/2.120.0/main.js (1)
[76424:259:0316/150255.691091:INFO:CONSOLE(1)] "console.groupEnd", source: https://s.xlgmedia.com/2/2.120.0/main.js (1)
[76424:259:0316/150255.691105:INFO:CONSOLE(1)] "console.groupEnd", source: https://s.xlgmedia.com/2/2.120.0/main.js (1)
[76424:259:0316/150255.691119:INFO:CONSOLE(1)] "console.groupEnd", source: https://s.xlgmedia.com/2/2.120.0/main.js (1)
[76424:259:0316/150255.691132:INFO:CONSOLE(1)] "console.groupEnd", source: https://s.xlgmedia.com/2/2.120.0/main.js (1)
[76424:259:0316/150255.691144:INFO:CONSOLE(1)] "console.groupEnd", source: https://s.xlgmedia.com/2/2.120.0/main.js (1)
[76424:259:0316/150255.691181:INFO:CONSOLE(1)] "console.groupEnd", source: https://s.xlgmedia.com/2/2.120.0/main.js (1)
[76424:259:0316/150255.691196:INFO:CONSOLE(1)] "console.groupEnd", source: https://s.xlgmedia.com/2/2.120.0/main.js (1)
[76424:259:0316/150255.691210:INFO:CONSOLE(1)] "console.groupEnd", source: https://s.xlgmedia.com/2/2.120.0/main.js (1)
[76424:259:0316/150255.691223:INFO:CONSOLE(1)] "console.groupEnd", source: https://s.xlgmedia.com/2/2.120.0/main.js (1)
[76424:259:0316/150255.691238:INFO:CONSOLE(1)] "console.groupEnd", source: https://s.xlgmedia.com/2/2.120.0/main.js (1)
[76424:259:0316/150255.691250:INFO:CONSOLE(1)] "console.groupEnd", source: https://s.xlgmedia.com/2/2.120.0/main.js (1)
[76424:259:0316/150255.691262:INFO:CONSOLE(1)] "console.groupEnd", source: https://s.xlgmedia.com/2/2.120.0/main.js (1)
[76424:259:0316/150255.691276:INFO:CONSOLE(1)] "console.groupEnd", source: https://s.xlgmedia.com/2/2.120.0/main.js (1)
[76424:259:0316/150255.691289:INFO:CONSOLE(1)] "console.groupEnd", source: https://s.xlgmedia.com/2/2.120.0/main.js (1)
[76424:259:0316/150255.691302:INFO:CONSOLE(1)] "console.groupEnd", source: https://s.xlgmedia.com/2/2.120.0/main.js (1)
[76424:259:0316/150255.691316:INFO:CONSOLE(1)] "console.groupEnd", source: https://s.xlgmedia.com/2/2.120.0/main.js (1)
[76424:259:0316/150255.691330:INFO:CONSOLE(1)] "console.groupEnd", source: https://s.xlgmedia.com/2/2.120.0/main.js (1)
[76424:259:0316/150255.691341:INFO:CONSOLE(1)] "console.groupEnd", source: https://s.xlgmedia.com/2/2.120.0/main.js (1)
[76424:259:0316/150255.691352:INFO:CONSOLE(1)] "console.groupEnd", source: https://s.xlgmedia.com/2/2.120.0/main.js (1)
[76424:259:0316/150255.691365:INFO:CONSOLE(1)] "console.groupEnd", source: https://s.xlgmedia.com/2/2.120.0/main.js (1)
[76424:259:0316/150255.691377:INFO:CONSOLE(1)] "console.groupEnd", source: https://s.xlgmedia.com/2/2.120.0/main.js (1)
[76424:259:0316/150255.691388:INFO:CONSOLE(1)] "console.groupEnd", source: https://s.xlgmedia.com/2/2.120.0/main.js (1)
[76424:259:0316/150255.691399:INFO:CONSOLE(1)] "console.groupEnd", source: https://s.xlgmedia.com/2/2.120.0/main.js (1)
[76424:259:0316/150255.691413:INFO:CONSOLE(1)] "console.groupEnd", source: https://s.xlgmedia.com/2/2.120.0/main.js (1)
[76424:259:0316/150255.691426:INFO:CONSOLE(1)] "console.groupEnd", source: https://s.xlgmedia.com/2/2.120.0/main.js (1)
[76424:259:0316/150255.691439:INFO:CONSOLE(1)] "console.groupEnd", source: https://s.xlgmedia.com/2/2.120.0/main.js (1)
[76424:259:0316/150255.691451:INFO:CONSOLE(1)] "console.groupEnd", source: https://s.xlgmedia.com/2/2.120.0/main.js (1)
[76424:259:0316/150255.691463:INFO:CONSOLE(1)] "console.groupEnd", source: https://s.xlgmedia.com/2/2.120.0/main.js (1)
[76424:259:0316/150255.691476:INFO:CONSOLE(1)] "console.groupEnd", source: https://s.xlgmedia.com/2/2.120.0/main.js (1)
[76424:259:0316/150255.691497:INFO:CONSOLE(1)] "console.groupEnd", source: https://s.xlgmedia.com/2/2.120.0/main.js (1)
[76424:259:0316/150255.691510:INFO:CONSOLE(1)] "console.groupEnd", source: https://s.xlgmedia.com/2/2.120.0/main.js (1)
[76424:259:0316/150255.691521:INFO:CONSOLE(1)] "console.groupEnd", source: https://s.xlgmedia.com/2/2.120.0/main.js (1)
[76424:259:0316/150255.691535:INFO:CONSOLE(1)] "console.groupEnd", source: https://s.xlgmedia.com/2/2.120.0/main.js (1)
[76424:259:0316/150255.691547:INFO:CONSOLE(1)] "console.groupEnd", source: https://s.xlgmedia.com/2/2.120.0/main.js (1)
[76424:259:0316/150255.691560:INFO:CONSOLE(1)] "console.groupEnd", source: https://s.xlgmedia.com/2/2.120.0/main.js (1)
[76424:259:0316/150255.691572:INFO:CONSOLE(1)] "console.groupEnd", source: https://s.xlgmedia.com/2/2.120.0/main.js (1)
[76424:259:0316/150255.691585:INFO:CONSOLE(1)] "console.groupEnd", source: https://s.xlgmedia.com/2/2.120.0/main.js (1)
[76424:259:0316/150255.691599:INFO:CONSOLE(1)] "console.groupEnd", source: https://s.xlgmedia.com/2/2.120.0/main.js (1)
[76424:259:0316/150255.691611:INFO:CONSOLE(1)] "console.groupEnd", source: https://s.xlgmedia.com/2/2.120.0/main.js (1)
[76424:259:0316/150255.691624:INFO:CONSOLE(1)] "console.groupEnd", source: https://s.xlgmedia.com/2/2.120.0/main.js (1)
[76424:259:0316/150255.691637:INFO:CONSOLE(1)] "console.groupEnd", source: https://s.xlgmedia.com/2/2.120.0/main.js (1)
[76424:259:0316/150255.691652:INFO:CONSOLE(1)] "console.groupEnd", source: https://s.xlgmedia.com/2/2.120.0/main.js (1)
[76424:259:0316/150255.691665:INFO:CONSOLE(1)] "console.groupEnd", source: https://s.xlgmedia.com/2/2.120.0/main.js (1)
[76424:259:0316/150255.691679:INFO:CONSOLE(1)] "console.groupEnd", source: https://s.xlgmedia.com/2/2.120.0/main.js (1)
[76424:259:0316/150255.691691:INFO:CONSOLE(1)] "console.groupEnd", source: https://s.xlgmedia.com/2/2.120.0/main.js (1)
[76424:259:0316/150255.691707:INFO:CONSOLE(1)] "console.groupEnd", source: https://s.xlgmedia.com/2/2.120.0/main.js (1)
[76424:259:0316/150255.691719:INFO:CONSOLE(1)] "console.groupEnd", source: https://s.xlgmedia.com/2/2.120.0/main.js (1)
[76424:259:0316/150255.691732:INFO:CONSOLE(1)] "console.groupEnd", source: https://s.xlgmedia.com/2/2.120.0/main.js (1)
[76424:259:0316/150255.691744:INFO:CONSOLE(1)] "console.groupEnd", source: https://s.xlgmedia.com/2/2.120.0/main.js (1)
[76424:259:0316/150255.691756:INFO:CONSOLE(1)] "console.groupEnd", source: https://s.xlgmedia.com/2/2.120.0/main.js (1)
[76424:259:0316/150255.691766:INFO:CONSOLE(1)] "console.groupEnd", source: https://s.xlgmedia.com/2/2.120.0/main.js (1)
[76424:259:0316/150255.691779:INFO:CONSOLE(1)] "console.groupEnd", source: https://s.xlgmedia.com/2/2.120.0/main.js (1)
[76424:259:0316/150255.691795:INFO:CONSOLE(1)] "console.groupEnd", source: https://s.xlgmedia.com/2/2.120.0/main.js (1)
[76424:259:0316/150255.691808:INFO:CONSOLE(1)] "console.groupEnd", source: https://s.xlgmedia.com/2/2.120.0/main.js (1)
[76424:259:0316/150255.691819:INFO:CONSOLE(1)] "console.groupEnd", source: https://s.xlgmedia.com/2/2.120.0/main.js (1)
[76424:259:0316/150255.691831:INFO:CONSOLE(1)] "console.groupEnd", source: https://s.xlgmedia.com/2/2.120.0/main.js (1)
[76424:259:0316/150255.691842:INFO:CONSOLE(1)] "console.groupEnd", source: https://s.xlgmedia.com/2/2.120.0/main.js (1)
[76424:259:0316/150255.691854:INFO:CONSOLE(1)] "console.groupEnd", source: https://s.xlgmedia.com/2/2.120.0/main.js (1)
[76424:259:0316/150255.691866:INFO:CONSOLE(1)] "console.groupEnd", source: https://s.xlgmedia.com/2/2.120.0/main.js (1)
[76424:259:0316/150255.691880:INFO:CONSOLE(1)] "console.groupEnd", source: https://s.xlgmedia.com/2/2.120.0/main.js (1)
[76424:259:0316/150255.691892:INFO:CONSOLE(1)] "console.groupEnd", source: https://s.xlgmedia.com/2/2.120.0/main.js (1)
[76424:259:0316/150255.691905:INFO:CONSOLE(1)] "console.groupEnd", source: https://s.xlgmedia.com/2/2.120.0/main.js (1)
[76424:259:0316/150255.691917:INFO:CONSOLE(1)] "console.groupEnd", source: https://s.xlgmedia.com/2/2.120.0/main.js (1)
[76424:259:0316/150255.691935:INFO:CONSOLE(1)] "console.groupEnd", source: https://s.xlgmedia.com/2/2.120.0/main.js (1)
[76424:259:0316/150255.691947:INFO:CONSOLE(1)] "console.groupEnd", source: https://s.xlgmedia.com/2/2.120.0/main.js (1)
[76424:259:0316/150255.691961:INFO:CONSOLE(1)] "console.groupEnd", source: https://s.xlgmedia.com/2/2.120.0/main.js (1)
[76424:259:0316/150255.691973:INFO:CONSOLE(1)] "console.groupEnd", source: https://s.xlgmedia.com/2/2.120.0/main.js (1)
[76424:259:0316/150255.691986:INFO:CONSOLE(1)] "console.groupEnd", source: https://s.xlgmedia.com/2/2.120.0/main.js (1)
[76424:259:0316/150255.691999:INFO:CONSOLE(1)] "console.groupEnd", source: https://s.xlgmedia.com/2/2.120.0/main.js (1)
[76424:259:0316/150255.692012:INFO:CONSOLE(1)] "console.groupEnd", source: https://s.xlgmedia.com/2/2.120.0/main.js (1)
[76424:259:0316/150255.692023:INFO:CONSOLE(1)] "console.groupEnd", source: https://s.xlgmedia.com/2/2.120.0/main.js (1)
[76424:259:0316/150255.692034:INFO:CONSOLE(1)] "console.groupEnd", source: https://s.xlgmedia.com/2/2.120.0/main.js (1)
[76424:259:0316/150255.692044:INFO:CONSOLE(1)] "console.groupEnd", source: https://s.xlgmedia.com/2/2.120.0/main.js (1)
[76424:259:0316/150255.692056:INFO:CONSOLE(1)] "console.groupEnd", source: https://s.xlgmedia.com/2/2.120.0/main.js (1)
[76424:259:0316/150255.692068:INFO:CONSOLE(1)] "console.groupEnd", source: https://s.xlgmedia.com/2/2.120.0/main.js (1)
[76424:259:0316/150255.692080:INFO:CONSOLE(1)] "console.groupEnd", source: https://s.xlgmedia.com/2/2.120.0/main.js (1)
[76424:259:0316/150255.692092:INFO:CONSOLE(1)] "console.groupEnd", source: https://s.xlgmedia.com/2/2.120.0/main.js (1)
[76424:259:0316/150255.692106:INFO:CONSOLE(1)] "console.groupEnd", source: https://s.xlgmedia.com/2/2.120.0/main.js (1)
[76424:259:0316/150255.692118:INFO:CONSOLE(1)] "console.groupEnd", source: https://s.xlgmedia.com/2/2.120.0/main.js (1)
[76424:259:0316/150255.692131:INFO:CONSOLE(1)] "console.groupEnd", source: https://s.xlgmedia.com/2/2.120.0/main.js (1)
[76424:259:0316/150255.692143:INFO:CONSOLE(1)] "console.groupEnd", source: https://s.xlgmedia.com/2/2.120.0/main.js (1)
[76424:259:0316/150255.692158:INFO:CONSOLE(1)] "console.groupEnd", source: https://s.xlgmedia.com/2/2.120.0/main.js (1)
[76424:259:0316/150255.692171:INFO:CONSOLE(1)] "console.groupEnd", source: https://s.xlgmedia.com/2/2.120.0/main.js (1)
[76424:259:0316/150255.692183:INFO:CONSOLE(1)] "console.groupEnd", source: https://s.xlgmedia.com/2/2.120.0/main.js (1)
[76424:259:0316/150255.692196:INFO:CONSOLE(1)] "console.groupEnd", source: https://s.xlgmedia.com/2/2.120.0/main.js (1)
[76424:259:0316/150255.692209:INFO:CONSOLE(1)] "console.groupEnd", source: https://s.xlgmedia.com/2/2.120.0/main.js (1)
[76424:259:0316/150255.692222:INFO:CONSOLE(1)] "console.groupEnd", source: https://s.xlgmedia.com/2/2.120.0/main.js (1)
[76424:259:0316/150255.692236:INFO:CONSOLE(1)] "console.groupEnd", source: https://s.xlgmedia.com/2/2.120.0/main.js (1)
[76424:259:0316/150255.692249:INFO:CONSOLE(1)] "console.groupEnd", source: https://s.xlgmedia.com/2/2.120.0/main.js (1)
[76424:259:0316/150255.692261:INFO:CONSOLE(1)] "console.groupEnd", source: https://s.xlgmedia.com/2/2.120.0/main.js (1)
[76424:259:0316/150255.692273:INFO:CONSOLE(1)] "console.groupEnd", source: https://s.xlgmedia.com/2/2.120.0/main.js (1)
[76424:259:0316/150255.692286:INFO:CONSOLE(1)] "console.groupEnd", source: https://s.xlgmedia.com/2/2.120.0/main.js (1)
[76424:259:0316/150255.692298:INFO:CONSOLE(1)] "console.groupEnd", source: https://s.xlgmedia.com/2/2.120.0/main.js (1)
[76424:259:0316/150255.692310:INFO:CONSOLE(1)] "console.groupEnd", source: https://s.xlgmedia.com/2/2.120.0/main.js (1)
[76424:259:0316/150255.692326:INFO:CONSOLE(1)] "console.groupEnd", source: https://s.xlgmedia.com/2/2.120.0/main.js (1)
[76424:259:0316/150255.692338:INFO:CONSOLE(1)] "console.groupEnd", source: https://s.xlgmedia.com/2/2.120.0/main.js (1)
[76424:259:0316/150255.692352:INFO:CONSOLE(1)] "console.groupEnd", source: https://s.xlgmedia.com/2/2.120.0/main.js (1)
[76424:259:0316/150255.692369:INFO:CONSOLE(1)] "console.groupEnd", source: https://s.xlgmedia.com/2/2.120.0/main.js (1)
[76424:259:0316/150255.692380:INFO:CONSOLE(1)] "console.groupEnd", source: https://s.xlgmedia.com/2/2.120.0/main.js (1)
[76424:259:0316/150255.692390:INFO:CONSOLE(1)] "console.groupEnd", source: https://s.xlgmedia.com/2/2.120.0/main.js (1)
[76424:259:0316/150255.692401:INFO:CONSOLE(1)] "console.groupEnd", source: https://s.xlgmedia.com/2/2.120.0/main.js (1)
[76424:259:0316/150255.692414:INFO:CONSOLE(1)] "console.groupEnd", source: https://s.xlgmedia.com/2/2.120.0/main.js (1)
[76424:259:0316/150255.692426:INFO:CONSOLE(1)] "console.groupEnd", source: https://s.xlgmedia.com/2/2.120.0/main.js (1)
[76424:259:0316/150255.692438:INFO:CONSOLE(1)] "console.groupEnd", source: https://s.xlgmedia.com/2/2.120.0/main.js (1)
[76424:259:0316/150255.692450:INFO:CONSOLE(1)] "console.groupEnd", source: https://s.xlgmedia.com/2/2.120.0/main.js (1)
[76424:259:0316/150255.692462:INFO:CONSOLE(1)] "console.groupEnd", source: https://s.xlgmedia.com/2/2.120.0/main.js (1)
[76424:259:0316/150255.692475:INFO:CONSOLE(1)] "console.groupEnd", source: https://s.xlgmedia.com/2/2.120.0/main.js (1)
[76424:259:0316/150255.692488:INFO:CONSOLE(1)] "console.groupEnd", source: https://s.xlgmedia.com/2/2.120.0/main.js (1)
[76424:259:0316/150255.692499:INFO:CONSOLE(1)] "console.groupEnd", source: https://s.xlgmedia.com/2/2.120.0/main.js (1)
[76424:259:0316/150255.693157:INFO:CONSOLE(1)] "console.groupEnd", source: https://s.xlgmedia.com/2/2.120.0/main.js (1)
[76424:259:0316/150255.693176:INFO:CONSOLE(1)] "console.groupEnd", source: https://s.xlgmedia.com/2/2.120.0/main.js (1)
[76424:259:0316/150255.693187:INFO:CONSOLE(1)] "console.groupEnd", source: https://s.xlgmedia.com/2/2.120.0/main.js (1)
[76424:259:0316/150255.693200:INFO:CONSOLE(1)] "console.groupEnd", source: https://s.xlgmedia.com/2/2.120.0/main.js (1)
[76424:259:0316/150255.693287:INFO:CONSOLE(1)] "console.groupEnd", source: https://s.xlgmedia.com/2/2.120.0/main.js (1)
[76424:259:0316/150255.693316:INFO:CONSOLE(1)] "console.groupEnd", source: https://s.xlgmedia.com/2/2.120.0/main.js (1)
[76424:259:0316/150255.693336:INFO:CONSOLE(1)] "console.groupEnd", source: https://s.xlgmedia.com/2/2.120.0/main.js (1)
[76424:259:0316/150255.693352:INFO:CONSOLE(1)] "console.groupEnd", source: https://s.xlgmedia.com/2/2.120.0/main.js (1)
[76424:259:0316/150255.693369:INFO:CONSOLE(1)] "console.groupEnd", source: https://s.xlgmedia.com/2/2.120.0/main.js (1)
[76424:259:0316/150255.693401:INFO:CONSOLE(1)] "console.groupEnd", source: https://s.xlgmedia.com/2/2.120.0/main.js (1)
[76424:259:0316/150255.693417:INFO:CONSOLE(1)] "console.groupEnd", source: https://s.xlgmedia.com/2/2.120.0/main.js (1)
[76424:259:0316/150255.693430:INFO:CONSOLE(1)] "console.groupEnd", source: https://s.xlgmedia.com/2/2.120.0/main.js (1)
[76424:259:0316/150255.693442:INFO:CONSOLE(1)] "console.groupEnd", source: https://s.xlgmedia.com/2/2.120.0/main.js (1)
[76424:259:0316/150255.693454:INFO:CONSOLE(1)] "console.groupEnd", source: https://s.xlgmedia.com/2/2.120.0/main.js (1)
[76424:259:0316/150255.693466:INFO:CONSOLE(1)] "console.groupEnd", source: https://s.xlgmedia.com/2/2.120.0/main.js (1)
[76424:259:0316/150255.693478:INFO:CONSOLE(1)] "console.groupEnd", source: https://s.xlgmedia.com/2/2.120.0/main.js (1)
[76424:259:0316/150255.693490:INFO:CONSOLE(1)] "console.groupEnd", source: https://s.xlgmedia.com/2/2.120.0/main.js (1)
[76424:259:0316/150255.693505:INFO:CONSOLE(1)] "console.groupEnd", source: https://s.xlgmedia.com/2/2.120.0/main.js (1)
[76424:259:0316/150255.693518:INFO:CONSOLE(1)] "console.groupEnd", source: https://s.xlgmedia.com/2/2.120.0/main.js (1)
[76424:259:0316/150255.693533:INFO:CONSOLE(1)] "console.groupEnd", source: https://s.xlgmedia.com/2/2.120.0/main.js (1)
[76424:259:0316/150255.693545:INFO:CONSOLE(1)] "console.groupEnd", source: https://s.xlgmedia.com/2/2.120.0/main.js (1)
[76424:259:0316/150255.693562:INFO:CONSOLE(1)] "console.groupEnd", source: https://s.xlgmedia.com/2/2.120.0/main.js (1)
[76424:259:0316/150255.693584:INFO:CONSOLE(1)] "console.groupEnd", source: https://s.xlgmedia.com/2/2.120.0/main.js (1)
[76424:259:0316/150255.693597:INFO:CONSOLE(1)] "console.groupEnd", source: https://s.xlgmedia.com/2/2.120.0/main.js (1)
[76424:259:0316/150255.693610:INFO:CONSOLE(1)] "console.groupEnd", source: https://s.xlgmedia.com/2/2.120.0/main.js (1)
[76424:259:0316/150255.693623:INFO:CONSOLE(1)] "console.groupEnd", source: https://s.xlgmedia.com/2/2.120.0/main.js (1)
[76424:259:0316/150255.693637:INFO:CONSOLE(1)] "console.groupEnd", source: https://s.xlgmedia.com/2/2.120.0/main.js (1)
[76424:259:0316/150255.693653:INFO:CONSOLE(1)] "console.groupEnd", source: https://s.xlgmedia.com/2/2.120.0/main.js (1)
[76424:259:0316/150255.693666:INFO:CONSOLE(1)] "console.groupEnd", source: https://s.xlgmedia.com/2/2.120.0/main.js (1)
[76424:259:0316/150255.693681:INFO:CONSOLE(1)] "console.groupEnd", source: https://s.xlgmedia.com/2/2.120.0/main.js (1)
[76424:259:0316/150255.693692:INFO:CONSOLE(1)] "console.groupEnd", source: https://s.xlgmedia.com/2/2.120.0/main.js (1)
[76424:259:0316/150255.693704:INFO:CONSOLE(1)] "console.groupEnd", source: https://s.xlgmedia.com/2/2.120.0/main.js (1)
[76424:259:0316/150255.693718:INFO:CONSOLE(1)] "console.groupEnd", source: https://s.xlgmedia.com/2/2.120.0/main.js (1)
[76424:259:0316/150255.693733:INFO:CONSOLE(1)] "console.groupEnd", source: https://s.xlgmedia.com/2/2.120.0/main.js (1)
[76424:259:0316/150255.693746:INFO:CONSOLE(1)] "console.groupEnd", source: https://s.xlgmedia.com/2/2.120.0/main.js (1)
[76424:259:0316/150255.693762:INFO:CONSOLE(1)] "console.groupEnd", source: https://s.xlgmedia.com/2/2.120.0/main.js (1)
[76424:259:0316/150255.693775:INFO:CONSOLE(1)] "console.groupEnd", source: https://s.xlgmedia.com/2/2.120.0/main.js (1)
[76424:259:0316/150255.693789:INFO:CONSOLE(1)] "console.groupEnd", source: https://s.xlgmedia.com/2/2.120.0/main.js (1)
[76424:259:0316/150255.693801:INFO:CONSOLE(1)] "console.groupEnd", source: https://s.xlgmedia.com/2/2.120.0/main.js (1)
[76424:259:0316/150255.693813:INFO:CONSOLE(1)] "console.groupEnd", source: https://s.xlgmedia.com/2/2.120.0/main.js (1)
[76424:259:0316/150255.693826:INFO:CONSOLE(1)] "console.groupEnd", source: https://s.xlgmedia.com/2/2.120.0/main.js (1)
[76424:259:0316/150255.693841:INFO:CONSOLE(1)] "console.groupEnd", source: https://s.xlgmedia.com/2/2.120.0/main.js (1)
[76424:259:0316/150255.693856:INFO:CONSOLE(1)] "console.groupEnd", source: https://s.xlgmedia.com/2/2.120.0/main.js (1)
[76424:259:0316/150255.693868:INFO:CONSOLE(1)] "console.groupEnd", source: https://s.xlgmedia.com/2/2.120.0/main.js (1)
[76424:259:0316/150255.693882:INFO:CONSOLE(1)] "console.groupEnd", source: https://s.xlgmedia.com/2/2.120.0/main.js (1)
[76424:259:0316/150255.693899:INFO:CONSOLE(1)] "console.groupEnd", source: https://s.xlgmedia.com/2/2.120.0/main.js (1)
[76424:259:0316/150255.693915:INFO:CONSOLE(1)] "console.groupEnd", source: https://s.xlgmedia.com/2/2.120.0/main.js (1)
[76424:259:0316/150255.693928:INFO:CONSOLE(1)] "console.groupEnd", source: https://s.xlgmedia.com/2/2.120.0/main.js (1)
[76424:259:0316/150255.693939:INFO:CONSOLE(1)] "console.groupEnd", source: https://s.xlgmedia.com/2/2.120.0/main.js (1)
[76424:259:0316/150255.693952:INFO:CONSOLE(1)] "console.groupEnd", source: https://s.xlgmedia.com/2/2.120.0/main.js (1)
[76424:259:0316/150255.693967:INFO:CONSOLE(1)] "console.groupEnd", source: https://s.xlgmedia.com/2/2.120.0/main.js (1)
[76424:259:0316/150255.693979:INFO:CONSOLE(1)] "console.groupEnd", source: https://s.xlgmedia.com/2/2.120.0/main.js (1)
[76424:259:0316/150255.693993:INFO:CONSOLE(1)] "console.groupEnd", source: https://s.xlgmedia.com/2/2.120.0/main.js (1)
[76424:259:0316/150255.694007:INFO:CONSOLE(1)] "console.groupEnd", source: https://s.xlgmedia.com/2/2.120.0/main.js (1)
[76424:259:0316/150255.694020:INFO:CONSOLE(1)] "console.groupEnd", source: https://s.xlgmedia.com/2/2.120.0/main.js (1)
[76424:259:0316/150255.694033:INFO:CONSOLE(1)] "console.groupEnd", source: https://s.xlgmedia.com/2/2.120.0/main.js (1)
[76424:259:0316/150255.694049:INFO:CONSOLE(1)] "console.groupEnd", source: https://s.xlgmedia.com/2/2.120.0/main.js (1)
[76424:259:0316/150255.694063:INFO:CONSOLE(1)] "console.groupEnd", source: https://s.xlgmedia.com/2/2.120.0/main.js (1)
[76424:259:0316/150255.694074:INFO:CONSOLE(1)] "console.groupEnd", source: https://s.xlgmedia.com/2/2.120.0/main.js (1)
[76424:259:0316/150255.694088:INFO:CONSOLE(1)] "console.groupEnd", source: https://s.xlgmedia.com/2/2.120.0/main.js (1)
[76424:259:0316/150255.694101:INFO:CONSOLE(1)] "console.groupEnd", source: https://s.xlgmedia.com/2/2.120.0/main.js (1)
[76424:259:0316/150255.694115:INFO:CONSOLE(1)] "console.groupEnd", source: https://s.xlgmedia.com/2/2.120.0/main.js (1)
[76424:259:0316/150255.694128:INFO:CONSOLE(1)] "console.groupEnd", source: https://s.xlgmedia.com/2/2.120.0/main.js (1)
[76424:259:0316/150255.694141:INFO:CONSOLE(1)] "console.groupEnd", source: https://s.xlgmedia.com/2/2.120.0/main.js (1)
[76424:259:0316/150255.694154:INFO:CONSOLE(1)] "console.groupEnd", source: https://s.xlgmedia.com/2/2.120.0/main.js (1)
[76424:259:0316/150255.694166:INFO:CONSOLE(1)] "console.groupEnd", source: https://s.xlgmedia.com/2/2.120.0/main.js (1)
[76424:259:0316/150255.694182:INFO:CONSOLE(1)] "console.groupEnd", source: https://s.xlgmedia.com/2/2.120.0/main.js (1)
[76424:259:0316/150255.694195:INFO:CONSOLE(1)] "console.groupEnd", source: https://s.xlgmedia.com/2/2.120.0/main.js (1)
[76424:259:0316/150255.694208:INFO:CONSOLE(1)] "console.groupEnd", source: https://s.xlgmedia.com/2/2.120.0/main.js (1)
[76424:259:0316/150255.694221:INFO:CONSOLE(1)] "console.groupEnd", source: https://s.xlgmedia.com/2/2.120.0/main.js (1)
[76424:259:0316/150255.694236:INFO:CONSOLE(1)] "console.groupEnd", source: https://s.xlgmedia.com/2/2.120.0/main.js (1)
[76424:259:0316/150255.694249:INFO:CONSOLE(1)] "console.groupEnd", source: https://s.xlgmedia.com/2/2.120.0/main.js (1)
[76424:259:0316/150255.694262:INFO:CONSOLE(1)] "console.groupEnd", source: https://s.xlgmedia.com/2/2.120.0/main.js (1)
[76424:259:0316/150255.694274:INFO:CONSOLE(1)] "console.groupEnd", source: https://s.xlgmedia.com/2/2.120.0/main.js (1)
[76424:259:0316/150255.694286:INFO:CONSOLE(1)] "console.groupEnd", source: https://s.xlgmedia.com/2/2.120.0/main.js (1)
[76424:259:0316/150255.694300:INFO:CONSOLE(1)] "console.groupEnd", source: https://s.xlgmedia.com/2/2.120.0/main.js (1)
[76424:259:0316/150255.694312:INFO:CONSOLE(1)] "console.groupEnd", source: https://s.xlgmedia.com/2/2.120.0/main.js (1)
[76424:259:0316/150255.694325:INFO:CONSOLE(1)] "console.groupEnd", source: https://s.xlgmedia.com/2/2.120.0/main.js (1)
[76424:259:0316/150255.694338:INFO:CONSOLE(1)] "console.groupEnd", source: https://s.xlgmedia.com/2/2.120.0/main.js (1)
[76424:259:0316/150255.694350:INFO:CONSOLE(1)] "console.groupEnd", source: https://s.xlgmedia.com/2/2.120.0/main.js (1)
[76424:259:0316/150255.694361:INFO:CONSOLE(1)] "console.groupEnd", source: https://s.xlgmedia.com/2/2.120.0/main.js (1)
[76424:259:0316/150255.694371:INFO:CONSOLE(1)] "console.groupEnd", source: https://s.xlgmedia.com/2/2.120.0/main.js (1)
[76424:259:0316/150255.694384:INFO:CONSOLE(1)] "console.groupEnd", source: https://s.xlgmedia.com/2/2.120.0/main.js (1)
[76424:259:0316/150255.694397:INFO:CONSOLE(1)] "console.groupEnd", source: https://s.xlgmedia.com/2/2.120.0/main.js (1)
[76424:259:0316/150255.694409:INFO:CONSOLE(1)] "console.groupEnd", source: https://s.xlgmedia.com/2/2.120.0/main.js (1)
[76424:259:0316/150255.694422:INFO:CONSOLE(1)] "console.groupEnd", source: https://s.xlgmedia.com/2/2.120.0/main.js (1)
[76424:259:0316/150255.694435:INFO:CONSOLE(1)] "console.groupEnd", source: https://s.xlgmedia.com/2/2.120.0/main.js (1)
[76424:259:0316/150255.695024:INFO:CONSOLE(1)] "console.groupEnd", source: https://s.xlgmedia.com/2/2.120.0/main.js (1)
[76424:259:0316/150255.695046:INFO:CONSOLE(1)] "console.groupEnd", source: https://s.xlgmedia.com/2/2.120.0/main.js (1)
[76424:259:0316/150255.695075:INFO:CONSOLE(1)] "console.groupEnd", source: https://s.xlgmedia.com/2/2.120.0/main.js (1)
[76424:259:0316/150255.695088:INFO:CONSOLE(1)] "console.groupEnd", source: https://s.xlgmedia.com/2/2.120.0/main.js (1)
[76424:259:0316/150255.695104:INFO:CONSOLE(1)] "console.groupEnd", source: https://s.xlgmedia.com/2/2.120.0/main.js (1)
[76424:259:0316/150255.695129:INFO:CONSOLE(1)] "console.groupEnd", source: https://s.xlgmedia.com/2/2.120.0/main.js (1)
[76424:259:0316/150255.695157:INFO:CONSOLE(1)] "console.groupEnd", source: https://s.xlgmedia.com/2/2.120.0/main.js (1)
[76424:259:0316/150255.695173:INFO:CONSOLE(1)] "console.groupEnd", source: https://s.xlgmedia.com/2/2.120.0/main.js (1)
[76424:259:0316/150255.695187:INFO:CONSOLE(1)] "console.groupEnd", source: https://s.xlgmedia.com/2/2.120.0/main.js (1)
[76424:259:0316/150255.695203:INFO:CONSOLE(1)] "console.groupEnd", source: https://s.xlgmedia.com/2/2.120.0/main.js (1)
[76424:259:0316/150255.695217:INFO:CONSOLE(1)] "console.groupEnd", source: https://s.xlgmedia.com/2/2.120.0/main.js (1)
[76424:259:0316/150255.695232:INFO:CONSOLE(1)] "console.groupEnd", source: https://s.xlgmedia.com/2/2.120.0/main.js (1)
[76424:259:0316/150255.695246:INFO:CONSOLE(1)] "console.groupEnd", source: https://s.xlgmedia.com/2/2.120.0/main.js (1)
[76424:259:0316/150255.695261:INFO:CONSOLE(1)] "console.groupEnd", source: https://s.xlgmedia.com/2/2.120.0/main.js (1)
[76424:259:0316/150255.695273:INFO:CONSOLE(1)] "console.groupEnd", source: https://s.xlgmedia.com/2/2.120.0/main.js (1)
[76424:259:0316/150255.695287:INFO:CONSOLE(1)] "console.groupEnd", source: https://s.xlgmedia.com/2/2.120.0/main.js (1)
[76424:259:0316/150255.695300:INFO:CONSOLE(1)] "console.groupEnd", source: https://s.xlgmedia.com/2/2.120.0/main.js (1)
[76424:259:0316/150255.695311:INFO:CONSOLE(1)] "console.groupEnd", source: https://s.xlgmedia.com/2/2.120.0/main.js (1)
[76424:259:0316/150255.695323:INFO:CONSOLE(1)] "console.groupEnd", source: https://s.xlgmedia.com/2/2.120.0/main.js (1)
[76424:259:0316/150255.695335:INFO:CONSOLE(1)] "console.groupEnd", source: https://s.xlgmedia.com/2/2.120.0/main.js (1)
[76424:259:0316/150255.695346:INFO:CONSOLE(1)] "console.groupEnd", source: https://s.xlgmedia.com/2/2.120.0/main.js (1)
[76424:259:0316/150255.695359:INFO:CONSOLE(1)] "console.groupEnd", source: https://s.xlgmedia.com/2/2.120.0/main.js (1)
[76424:259:0316/150255.695373:INFO:CONSOLE(1)] "console.groupEnd", source: https://s.xlgmedia.com/2/2.120.0/main.js (1)
[76424:259:0316/150255.695384:INFO:CONSOLE(1)] "console.groupEnd", source: https://s.xlgmedia.com/2/2.120.0/main.js (1)
[76424:259:0316/150255.695395:INFO:CONSOLE(1)] "console.groupEnd", source: https://s.xlgmedia.com/2/2.120.0/main.js (1)
[76424:259:0316/150255.695422:INFO:CONSOLE(1)] "console.groupEnd", source: https://s.xlgmedia.com/2/2.120.0/main.js (1)
[76424:259:0316/150255.695440:INFO:CONSOLE(1)] "console.groupEnd", source: https://s.xlgmedia.com/2/2.120.0/main.js (1)
[76424:259:0316/150255.695468:INFO:CONSOLE(1)] "console.groupEnd", source: https://s.xlgmedia.com/2/2.120.0/main.js (1)
[76424:259:0316/150255.695486:INFO:CONSOLE(1)] "console.groupEnd", source: https://s.xlgmedia.com/2/2.120.0/main.js (1)
[76424:259:0316/150255.695499:INFO:CONSOLE(1)] "console.groupEnd", source: https://s.xlgmedia.com/2/2.120.0/main.js (1)
[76424:259:0316/150255.695514:INFO:CONSOLE(1)] "console.groupEnd", source: https://s.xlgmedia.com/2/2.120.0/main.js (1)
[76424:259:0316/150255.695531:INFO:CONSOLE(1)] "console.groupEnd", source: https://s.xlgmedia.com/2/2.120.0/main.js (1)
[76424:259:0316/150255.695545:INFO:CONSOLE(1)] "console.groupEnd", source: https://s.xlgmedia.com/2/2.120.0/main.js (1)
[76424:259:0316/150255.695559:INFO:CONSOLE(1)] "console.groupEnd", source: https://s.xlgmedia.com/2/2.120.0/main.js (1)
[76424:259:0316/150255.695574:INFO:CONSOLE(1)] "console.groupEnd", source: https://s.xlgmedia.com/2/2.120.0/main.js (1)
[76424:259:0316/150255.695587:INFO:CONSOLE(1)] "console.groupEnd", source: https://s.xlgmedia.com/2/2.120.0/main.js (1)
[76424:259:0316/150255.695599:INFO:CONSOLE(1)] "console.groupEnd", source: https://s.xlgmedia.com/2/2.120.0/main.js (1)
[76424:259:0316/150255.695612:INFO:CONSOLE(1)] "console.groupEnd", source: https://s.xlgmedia.com/2/2.120.0/main.js (1)
[76424:259:0316/150255.695631:INFO:CONSOLE(1)] "console.groupEnd", source: https://s.xlgmedia.com/2/2.120.0/main.js (1)
[76424:259:0316/150255.695645:INFO:CONSOLE(1)] "console.groupEnd", source: https://s.xlgmedia.com/2/2.120.0/main.js (1)
[76424:259:0316/150255.695656:INFO:CONSOLE(1)] "console.groupEnd", source: https://s.xlgmedia.com/2/2.120.0/main.js (1)
[76424:259:0316/150255.695668:INFO:CONSOLE(1)] "console.groupEnd", source: https://s.xlgmedia.com/2/2.120.0/main.js (1)
[76424:259:0316/150255.695680:INFO:CONSOLE(1)] "console.groupEnd", source: https://s.xlgmedia.com/2/2.120.0/main.js (1)
[76424:259:0316/150255.695692:INFO:CONSOLE(1)] "console.groupEnd", source: https://s.xlgmedia.com/2/2.120.0/main.js (1)
[76424:259:0316/150255.695705:INFO:CONSOLE(1)] "console.groupEnd", source: https://s.xlgmedia.com/2/2.120.0/main.js (1)
[76424:259:0316/150255.695717:INFO:CONSOLE(1)] "console.groupEnd", source: https://s.xlgmedia.com/2/2.120.0/main.js (1)
[76424:259:0316/150255.695728:INFO:CONSOLE(1)] "console.groupEnd", source: https://s.xlgmedia.com/2/2.120.0/main.js (1)
[76424:259:0316/150255.695740:INFO:CONSOLE(1)] "console.groupEnd", source: https://s.xlgmedia.com/2/2.120.0/main.js (1)
[76424:259:0316/150255.695752:INFO:CONSOLE(1)] "console.groupEnd", source: https://s.xlgmedia.com/2/2.120.0/main.js (1)
[76424:259:0316/150255.695764:INFO:CONSOLE(1)] "console.groupEnd", source: https://s.xlgmedia.com/2/2.120.0/main.js (1)
[76424:259:0316/150255.695775:INFO:CONSOLE(1)] "console.groupEnd", source: https://s.xlgmedia.com/2/2.120.0/main.js (1)
[76424:259:0316/150255.695788:INFO:CONSOLE(1)] "console.groupEnd", source: https://s.xlgmedia.com/2/2.120.0/main.js (1)
[76424:259:0316/150255.695800:INFO:CONSOLE(1)] "console.groupEnd", source: https://s.xlgmedia.com/2/2.120.0/main.js (1)
[76424:259:0316/150255.695813:INFO:CONSOLE(1)] "console.groupEnd", source: https://s.xlgmedia.com/2/2.120.0/main.js (1)
[76424:259:0316/150255.695826:INFO:CONSOLE(1)] "console.groupEnd", source: https://s.xlgmedia.com/2/2.120.0/main.js (1)
[76424:259:0316/150255.695839:INFO:CONSOLE(1)] "console.groupEnd", source: https://s.xlgmedia.com/2/2.120.0/main.js (1)
[76424:259:0316/150255.695853:INFO:CONSOLE(1)] "console.groupEnd", source: https://s.xlgmedia.com/2/2.120.0/main.js (1)
[76424:259:0316/150255.695864:INFO:CONSOLE(1)] "console.groupEnd", source: https://s.xlgmedia.com/2/2.120.0/main.js (1)
[76424:259:0316/150255.695875:INFO:CONSOLE(1)] "console.groupEnd", source: https://s.xlgmedia.com/2/2.120.0/main.js (1)
[76424:259:0316/150255.695887:INFO:CONSOLE(1)] "console.groupEnd", source: https://s.xlgmedia.com/2/2.120.0/main.js (1)
[76424:259:0316/150255.695903:INFO:CONSOLE(1)] "console.groupEnd", source: https://s.xlgmedia.com/2/2.120.0/main.js (1)
[76424:259:0316/150255.695916:INFO:CONSOLE(1)] "console.groupEnd", source: https://s.xlgmedia.com/2/2.120.0/main.js (1)
[76424:259:0316/150255.695930:INFO:CONSOLE(1)] "console.groupEnd", source: https://s.xlgmedia.com/2/2.120.0/main.js (1)
[76424:259:0316/150255.695942:INFO:CONSOLE(1)] "console.groupEnd", source: https://s.xlgmedia.com/2/2.120.0/main.js (1)
[76424:259:0316/150255.695957:INFO:CONSOLE(1)] "console.groupEnd", source: https://s.xlgmedia.com/2/2.120.0/main.js (1)
[76424:259:0316/150255.695969:INFO:CONSOLE(1)] "console.groupEnd", source: https://s.xlgmedia.com/2/2.120.0/main.js (1)
[76424:259:0316/150255.695983:INFO:CONSOLE(1)] "console.groupEnd", source: https://s.xlgmedia.com/2/2.120.0/main.js (1)
[76424:259:0316/150255.695994:INFO:CONSOLE(1)] "console.groupEnd", source: https://s.xlgmedia.com/2/2.120.0/main.js (1)
[76424:259:0316/150255.696005:INFO:CONSOLE(1)] "console.groupEnd", source: https://s.xlgmedia.com/2/2.120.0/main.js (1)
[76424:259:0316/150255.696017:INFO:CONSOLE(1)] "console.groupEnd", source: https://s.xlgmedia.com/2/2.120.0/main.js (1)
[76424:259:0316/150255.696037:INFO:CONSOLE(1)] "console.groupEnd", source: https://s.xlgmedia.com/2/2.120.0/main.js (1)
[76424:259:0316/150255.696052:INFO:CONSOLE(1)] "console.groupEnd", source: https://s.xlgmedia.com/2/2.120.0/main.js (1)
[76424:259:0316/150255.696070:INFO:CONSOLE(1)] "console.groupEnd", source: https://s.xlgmedia.com/2/2.120.0/main.js (1)
[76424:259:0316/150255.696083:INFO:CONSOLE(1)] "console.groupEnd", source: https://s.xlgmedia.com/2/2.120.0/main.js (1)
[76424:259:0316/150255.696095:INFO:CONSOLE(1)] "console.groupEnd", source: https://s.xlgmedia.com/2/2.120.0/main.js (1)
[76424:259:0316/150255.696108:INFO:CONSOLE(1)] "console.groupEnd", source: https://s.xlgmedia.com/2/2.120.0/main.js (1)
[76424:259:0316/150255.696122:INFO:CONSOLE(1)] "console.groupEnd", source: https://s.xlgmedia.com/2/2.120.0/main.js (1)
[76424:259:0316/150255.696135:INFO:CONSOLE(1)] "console.groupEnd", source: https://s.xlgmedia.com/2/2.120.0/main.js (1)
[76424:259:0316/150255.696147:INFO:CONSOLE(1)] "console.groupEnd", source: https://s.xlgmedia.com/2/2.120.0/main.js (1)
[76424:259:0316/150255.696162:INFO:CONSOLE(1)] "console.groupEnd", source: https://s.xlgmedia.com/2/2.120.0/main.js (1)
[76424:259:0316/150255.696176:INFO:CONSOLE(1)] "console.groupEnd", source: https://s.xlgmedia.com/2/2.120.0/main.js (1)
[76424:259:0316/150255.696189:INFO:CONSOLE(1)] "console.groupEnd", source: https://s.xlgmedia.com/2/2.120.0/main.js (1)
[76424:259:0316/150255.696201:INFO:CONSOLE(1)] "console.groupEnd", source: https://s.xlgmedia.com/2/2.120.0/main.js (1)
[76424:259:0316/150255.696215:INFO:CONSOLE(1)] "console.groupEnd", source: https://s.xlgmedia.com/2/2.120.0/main.js (1)
[76424:259:0316/150255.696230:INFO:CONSOLE(1)] "console.groupEnd", source: https://s.xlgmedia.com/2/2.120.0/main.js (1)
[76424:259:0316/150255.696244:INFO:CONSOLE(1)] "console.groupEnd", source: https://s.xlgmedia.com/2/2.120.0/main.js (1)
[76424:259:0316/150255.696257:INFO:CONSOLE(1)] "console.groupEnd", source: https://s.xlgmedia.com/2/2.120.0/main.js (1)
[76424:259:0316/150255.696271:INFO:CONSOLE(1)] "console.groupEnd", source: https://s.xlgmedia.com/2/2.120.0/main.js (1)
[76424:259:0316/150255.696284:INFO:CONSOLE(1)] "console.groupEnd", source: https://s.xlgmedia.com/2/2.120.0/main.js (1)
[76424:259:0316/150255.696296:INFO:CONSOLE(1)] "console.groupEnd", source: https://s.xlgmedia.com/2/2.120.0/main.js (1)
[76424:259:0316/150255.696309:INFO:CONSOLE(1)] "console.groupEnd", source: https://s.xlgmedia.com/2/2.120.0/main.js (1)
[76424:259:0316/150255.696321:INFO:CONSOLE(1)] "console.groupEnd", source: https://s.xlgmedia.com/2/2.120.0/main.js (1)
[76424:259:0316/150255.696334:INFO:CONSOLE(1)] "console.groupEnd", source: https://s.xlgmedia.com/2/2.120.0/main.js (1)
[76424:259:0316/150255.696347:INFO:CONSOLE(1)] "console.groupEnd", source: https://s.xlgmedia.com/2/2.120.0/main.js (1)
[76424:259:0316/150255.696359:INFO:CONSOLE(1)] "console.groupEnd", source: https://s.xlgmedia.com/2/2.120.0/main.js (1)
[76424:259:0316/150255.696372:INFO:CONSOLE(1)] "console.groupEnd", source: https://s.xlgmedia.com/2/2.120.0/main.js (1)
[76424:259:0316/150255.696386:INFO:CONSOLE(1)] "console.groupEnd", source: https://s.xlgmedia.com/2/2.120.0/main.js (1)
[76424:259:0316/150255.696400:INFO:CONSOLE(1)] "console.groupEnd", source: https://s.xlgmedia.com/2/2.120.0/main.js (1)
[76424:259:0316/150255.696413:INFO:CONSOLE(1)] "console.groupEnd", source: https://s.xlgmedia.com/2/2.120.0/main.js (1)
[76424:259:0316/150255.696428:INFO:CONSOLE(1)] "console.groupEnd", source: https://s.xlgmedia.com/2/2.120.0/main.js (1)
[76424:259:0316/150255.696441:INFO:CONSOLE(1)] "console.groupEnd", source: https://s.xlgmedia.com/2/2.120.0/main.js (1)
[76424:259:0316/150255.696454:INFO:CONSOLE(1)] "console.groupEnd", source: https://s.xlgmedia.com/2/2.120.0/main.js (1)
[76424:259:0316/150255.696468:INFO:CONSOLE(1)] "console.groupEnd", source: https://s.xlgmedia.com/2/2.120.0/main.js (1)
[76424:259:0316/150255.696482:INFO:CONSOLE(1)] "console.groupEnd", source: https://s.xlgmedia.com/2/2.120.0/main.js (1)
[76424:259:0316/150255.696496:INFO:CONSOLE(1)] "console.groupEnd", source: https://s.xlgmedia.com/2/2.120.0/main.js (1)
[76424:259:0316/150255.696509:INFO:CONSOLE(1)] "console.groupEnd", source: https://s.xlgmedia.com/2/2.120.0/main.js (1)
[76424:259:0316/150255.696526:INFO:CONSOLE(1)] "console.groupEnd", source: https://s.xlgmedia.com/2/2.120.0/main.js (1)
[76424:259:0316/150255.696540:INFO:CONSOLE(1)] "console.groupEnd", source: https://s.xlgmedia.com/2/2.120.0/main.js (1)
[76424:259:0316/150255.696553:INFO:CONSOLE(1)] "console.groupEnd", source: https://s.xlgmedia.com/2/2.120.0/main.js (1)
[76424:259:0316/150255.696567:INFO:CONSOLE(1)] "console.groupEnd", source: https://s.xlgmedia.com/2/2.120.0/main.js (1)
[76424:259:0316/150255.696580:INFO:CONSOLE(1)] "console.groupEnd", source: https://s.xlgmedia.com/2/2.120.0/main.js (1)
[76424:259:0316/150255.696593:INFO:CONSOLE(1)] "console.groupEnd", source: https://s.xlgmedia.com/2/2.120.0/main.js (1)
[76424:259:0316/150255.696607:INFO:CONSOLE(1)] "console.groupEnd", source: https://s.xlgmedia.com/2/2.120.0/main.js (1)
[76424:259:0316/150255.696620:INFO:CONSOLE(1)] "console.groupEnd", source: https://s.xlgmedia.com/2/2.120.0/main.js (1)
[76424:259:0316/150255.696633:INFO:CONSOLE(1)] "console.groupEnd", source: https://s.xlgmedia.com/2/2.120.0/main.js (1)
[76424:259:0316/150255.722806:INFO:CONSOLE(1)] "Error: ns!", source: https://s.xlgmedia.com/2/2.120.0/main.js (1)
[76434:78083:0316/150305.571685:WARNING:webrtc_voice_engine.cc(681)] Attempting to stop aecdump when no audio processing module is present
[76424:259:0316/150309.966991:WARNING:pref_notifier_impl.cc(41)] Pref observer for media_router.cast_allow_all_ips found at shutdown.
